<?xml version="1.0" encoding="UTF-8"?>
<!-- Generated by org.testng.reporters.JUnitReportReporter -->
<testsuite hostname="user" failures="0" tests="1" name="testpkg.Browserload" time="0.919" errors="0" timestamp="2024-04-27T11:37:45 IST" skipped="0">
  <testcase classname="testpkg.Browserload" name="test1" time="0.919"/>
</testsuite> <!-- testpkg.Browserload -->
