<?xml version="1.0" encoding="UTF-8"?>
<!-- Generated by org.testng.reporters.JUnitReportReporter -->
<testsuite hostname="user" failures="0" tests="1" name="testpkg.Fblogintest" time="0.088" errors="0" timestamp="2024-04-28T15:46:28 IST" skipped="0">
  <testcase classname="testpkg.Fblogintest" name="verifyLoginWithValidCred" time="0.088"/>
</testsuite> <!-- testpkg.Fblogintest -->
